<?xml version="1.0" encoding="UTF-8"?>
<!-- Generated by org.testng.reporters.JUnitReportReporter -->
<testsuite hostname="LAPTOP-GBHO9ASQ" failures="0" tests="1" name="testcases.TC001_Login" time="7.413" errors="0" timestamp="2022-03-09T15:15:45 IST" skipped="0">
  <testcase classname="testcases.TC001_Login" name="loginOpentaps" time="7.413"/>
  <system-out/>
</testsuite> <!-- testcases.TC001_Login -->
