<?xml version="1.0" encoding="UTF-8"?>
<!-- Generated by org.testng.reporters.JUnitReportReporter -->
<testsuite hostname="INDH001704" name="testcases.TC0021_RTC_EMB_NonAssociate_PenIcon" tests="1" failures="0" timestamp="2 Nov 2016 10:53:10 GMT" time="14.716" errors="0">
  <testcase name="login" time="14.716" classname="testcases.TC0021_RTC_EMB_NonAssociate_PenIcon"/>
</testsuite> <!-- testcases.TC0021_RTC_EMB_NonAssociate_PenIcon -->
