<?xml version="1.0" encoding="UTF-8"?>
<!-- Generated by org.testng.reporters.JUnitReportReporter -->
<testsuite hostname="INDH001704" name="testcases.TC0036_RTC_EMB_DocumentUpload" tests="1" failures="0" timestamp="8 Nov 2016 08:46:03 GMT" time="29.832" errors="0">
  <testcase name="login" time="29.832" classname="testcases.TC0036_RTC_EMB_DocumentUpload"/>
</testsuite> <!-- testcases.TC0036_RTC_EMB_DocumentUpload -->
