<?xml version="1.0" encoding="UTF-8"?>
<!-- Generated by org.testng.reporters.JUnitReportReporter -->
<testsuite hostname="INDH001704" name="testcases.TC04_FolderModify" tests="1" failures="0" timestamp="10 Aug 2016 09:28:04 GMT" time="19.696" errors="0">
  <testcase name="login" time="19.696" classname="testcases.TC04_FolderModify"/>
</testsuite> <!-- testcases.TC04_FolderModify -->
