<?xml version="1.0" encoding="UTF-8"?>
<!-- Generated by org.testng.reporters.JUnitReportReporter -->
<testsuite hostname="INDH001704" name="testcases.TC0022_RTC_EMB_Add_AssociatedDocument" tests="1" failures="0" timestamp="3 Nov 2016 06:11:18 GMT" time="28.026" errors="0">
  <testcase name="login" time="28.026" classname="testcases.TC0022_RTC_EMB_Add_AssociatedDocument"/>
</testsuite> <!-- testcases.TC0022_RTC_EMB_Add_AssociatedDocument -->
