<?xml version="1.0" encoding="UTF-8"?>
<!-- Generated by org.testng.reporters.JUnitReportReporter -->
<testsuite hostname="INDH001704" name="testcases.TC002_RTC_EMB_Package_Suppliers" tests="1" failures="0" timestamp="27 Oct 2016 09:52:06 GMT" time="51.375" errors="0">
  <testcase name="login" time="51.375" classname="testcases.TC002_RTC_EMB_Package_Suppliers"/>
</testsuite> <!-- testcases.TC002_RTC_EMB_Package_Suppliers -->
