<?xml version="1.0" encoding="UTF-8"?>
<!-- Generated by org.testng.reporters.JUnitReportReporter -->
<testsuite hostname="INDH001704" name="testcases.TC0006_RTC_EMB_Package_DuplicateSupplier" tests="1" failures="0" timestamp="2 Dec 2016 09:35:26 GMT" time="47.444" errors="0">
  <testcase name="login" time="47.444" classname="testcases.TC0006_RTC_EMB_Package_DuplicateSupplier"/>
</testsuite> <!-- testcases.TC0006_RTC_EMB_Package_DuplicateSupplier -->
