<?xml version="1.0" encoding="UTF-8"?>
<!-- Generated by org.testng.reporters.JUnitReportReporter -->
<testsuite hostname="INDH001704" name="testcases.TC0018_RTC_EMB_Package_DuplicateOtherPartner" tests="1" failures="0" timestamp="1 Dec 2016 10:48:32 GMT" time="50.989" errors="0">
  <testcase name="login" time="50.989" classname="testcases.TC0018_RTC_EMB_Package_DuplicateOtherPartner"/>
</testsuite> <!-- testcases.TC0018_RTC_EMB_Package_DuplicateOtherPartner -->
