<?xml version="1.0" encoding="UTF-8"?>
<!-- Generated by org.testng.reporters.JUnitReportReporter -->
<testsuite hostname="INDH001704" name="testcases.TC03_Piece" tests="1" failures="0" timestamp="10 Aug 2016 09:28:04 GMT" time="30.060" errors="0">
  <testcase name="login" time="30.060" classname="testcases.TC03_Piece"/>
</testsuite> <!-- testcases.TC03_Piece -->
