<?xml version="1.0" encoding="UTF-8"?>
<!-- Generated by org.testng.reporters.JUnitReportReporter -->
<testsuite hostname="INDH001704" name="testcases.TC0035_RTC_EMB_Package_Modification" tests="1" failures="0" timestamp="8 Nov 2016 07:12:51 GMT" time="15.809" errors="0">
  <testcase name="login" time="15.809" classname="testcases.TC0035_RTC_EMB_Package_Modification"/>
</testsuite> <!-- testcases.TC0035_RTC_EMB_Package_Modification -->
