<?xml version="1.0" encoding="UTF-8"?>
<!-- Generated by org.testng.reporters.JUnitReportReporter -->
<testsuite hostname="INDH001704" name="testcases.TC0017_RTC_EMB_Package_OtherPartner" tests="1" failures="0" timestamp="2 Dec 2016 04:26:56 GMT" time="27.594" errors="0">
  <testcase name="login" time="27.594" classname="testcases.TC0017_RTC_EMB_Package_OtherPartner"/>
</testsuite> <!-- testcases.TC0017_RTC_EMB_Package_OtherPartner -->
