<?xml version="1.0" encoding="UTF-8"?>
<!-- Generated by org.testng.reporters.JUnitReportReporter -->
<testsuite hostname="INDH001704" name="testcases.TC0016_RTC_EMB_Creation_AccessRights_SingleBusinessService_Odette" tests="1" failures="0" timestamp="15 Nov 2016 12:56:35 GMT" time="17.875" errors="0">
  <testcase name="login" time="17.875" classname="testcases.TC0016_RTC_EMB_Creation_AccessRights_SingleBusinessService_Odette"/>
</testsuite> <!-- testcases.TC0016_RTC_EMB_Creation_AccessRights_SingleBusinessService_Odette -->
