<?xml version="1.0" encoding="UTF-8"?>
<!-- Generated by org.testng.reporters.JUnitReportReporter -->
<testsuite hostname="INDH001704" name="testcases.TC0043_RTC_EMB_HomePage_Validated" tests="1" failures="0" timestamp="25 Nov 2016 12:10:48 GMT" time="22.304" errors="0">
  <testcase name="login" time="22.304" classname="testcases.TC0043_RTC_EMB_HomePage_Validated"/>
</testsuite> <!-- testcases.TC0043_RTC_EMB_HomePage_Validated -->
