<?xml version="1.0" encoding="UTF-8"?>
<!-- Generated by org.testng.reporters.JUnitReportReporter -->
<testsuite hostname="INDH001704" name="testcases.TC0041_RTC_EMB_HomePage_ExpectedValidation" tests="1" failures="0" timestamp="25 Nov 2016 11:52:17 GMT" time="21.450" errors="0">
  <testcase name="login" time="21.450" classname="testcases.TC0041_RTC_EMB_HomePage_ExpectedValidation"/>
</testsuite> <!-- testcases.TC0041_RTC_EMB_HomePage_ExpectedValidation -->
