<?xml version="1.0" encoding="UTF-8"?>
<!-- Generated by org.testng.reporters.JUnitReportReporter -->
<testsuite hostname="INDH001704" name="testcases.TC0042_RTC_EMB_StatusField" tests="1" failures="0" timestamp="3 Nov 2016 09:44:58 GMT" time="14.816" errors="0">
  <testcase name="login" time="14.816" classname="testcases.TC0042_RTC_EMB_StatusField"/>
</testsuite> <!-- testcases.TC0042_RTC_EMB_StatusField -->
