<?xml version="1.0" encoding="UTF-8"?>
<!-- Generated by org.testng.reporters.JUnitReportReporter -->
<testsuite hostname="INDH001704" name="testcases.TC001_PartsImportSeries" tests="1" failures="0" timestamp="10 Aug 2016 09:38:04 GMT" time="33.563" errors="0">
  <testcase name="login" time="33.563" classname="testcases.TC001_PartsImportSeries"/>
</testsuite> <!-- testcases.TC001_PartsImportSeries -->
