<?xml version="1.0" encoding="UTF-8"?>
<!-- Generated by org.testng.reporters.JUnitReportReporter -->
<testsuite hostname="INDH001704" name="testcases.TC0025_RTC_EMB_Modification_Save" tests="1" failures="0" timestamp="2 Dec 2016 09:12:12 GMT" time="58.947" errors="0">
  <testcase name="login" time="58.947" classname="testcases.TC0025_RTC_EMB_Modification_Save"/>
</testsuite> <!-- testcases.TC0025_RTC_EMB_Modification_Save -->
