<?xml version="1.0" encoding="UTF-8"?>
<!-- Generated by org.testng.reporters.JUnitReportReporter -->
<testsuite hostname="INDH001704" name="testcases.TC0021_RTC_EMB_Associate_OtherPartnersOnly" tests="1" failures="0" timestamp="3 Nov 2016 13:56:51 GMT" time="28.135" errors="0">
  <testcase name="login" time="28.135" classname="testcases.TC0021_RTC_EMB_Associate_OtherPartnersOnly"/>
</testsuite> <!-- testcases.TC0021_RTC_EMB_Associate_OtherPartnersOnly -->
