<?xml version="1.0" encoding="UTF-8"?>
<!-- Generated by org.testng.reporters.JUnitReportReporter -->
<testsuite hostname="INDH001704" name="testcases.TC0005_RTC_EMB_Package_Suppliers" tests="1" failures="0" timestamp="2 Dec 2016 09:35:26 GMT" time="49.656" errors="0">
  <testcase name="login" time="49.656" classname="testcases.TC0005_RTC_EMB_Package_Suppliers"/>
</testsuite> <!-- testcases.TC0005_RTC_EMB_Package_Suppliers -->
