<?xml version="1.0" encoding="UTF-8"?>
<!-- Generated by org.testng.reporters.JUnitReportReporter -->
<testsuite hostname="INDH001704" name="testcases.TC0028_RTC_EMB_Validation_Comments" tests="1" failures="0" timestamp="4 Nov 2016 10:36:58 GMT" time="33.404" errors="0">
  <testcase name="login" time="33.404" classname="testcases.TC0028_RTC_EMB_Validation_Comments"/>
</testsuite> <!-- testcases.TC0028_RTC_EMB_Validation_Comments -->
