<?xml version="1.0" encoding="UTF-8"?>
<!-- Generated by org.testng.reporters.JUnitReportReporter -->
<testsuite hostname="LAPTOP-GBHO9ASQ" failures="0" tests="1" name="testcases.TC001" time="10.931" errors="0" timestamp="2022-03-09T19:51:40 IST" skipped="0">
  <testcase classname="testcases.TC001" name="loginOpentaps" time="10.931"/>
  <system-out/>
</testsuite> <!-- testcases.TC001 -->
