<?xml version="1.0" encoding="UTF-8"?>
<!-- Generated by org.testng.reporters.JUnitReportReporter -->
<testsuite hostname="INDH001704" name="testcases.TC0026_RTC_EMB_Modification_Verify" tests="1" failures="0" timestamp="4 Nov 2016 08:45:07 GMT" time="36.517" errors="0">
  <testcase name="login" time="36.517" classname="testcases.TC0026_RTC_EMB_Modification_Verify"/>
</testsuite> <!-- testcases.TC0026_RTC_EMB_Modification_Verify -->
