<?xml version="1.0" encoding="UTF-8"?>
<!-- Generated by org.testng.reporters.JUnitReportReporter -->
<testsuite hostname="INDH001704" name="testcases.TC0014_RTC_EMB_SearchCriteria" tests="1" failures="0" timestamp="2 Nov 2016 06:39:57 GMT" time="14.829" errors="0">
  <testcase name="login" time="14.829" classname="testcases.TC0014_RTC_EMB_SearchCriteria"/>
</testsuite> <!-- testcases.TC0014_RTC_EMB_SearchCriteria -->
