<?xml version="1.0" encoding="UTF-8"?>
<!-- Generated by org.testng.reporters.JUnitReportReporter -->
<testsuite hostname="INDH001704" name="testcases.TC0010_RTC_EMB_Package_DuplicateGalia" tests="1" failures="0" timestamp="1 Dec 2016 10:25:20 GMT" time="62.959" errors="0">
  <testcase name="login" time="62.959" classname="testcases.TC0010_RTC_EMB_Package_DuplicateGalia"/>
</testsuite> <!-- testcases.TC0010_RTC_EMB_Package_DuplicateGalia -->
