<?xml version="1.0" encoding="UTF-8"?>
<!-- Generated by org.testng.reporters.JUnitReportReporter -->
<testsuite hostname="INDH001704" name="testcases.TC0012_RTC_EMB_Creation_AccessRights_SingleBusinessService_Galia" tests="1" failures="0" timestamp="15 Nov 2016 12:52:26 GMT" time="16.449" errors="0">
  <testcase name="login" time="16.449" classname="testcases.TC0012_RTC_EMB_Creation_AccessRights_SingleBusinessService_Galia"/>
</testsuite> <!-- testcases.TC0012_RTC_EMB_Creation_AccessRights_SingleBusinessService_Galia -->
