<?xml version="1.0" encoding="UTF-8"?>
<!-- Generated by org.testng.reporters.JUnitReportReporter -->
<testsuite hostname="INDH001704" name="testcases.TC0042_RTC_EMB_HomePage_ToModify" tests="1" failures="0" timestamp="1 Dec 2016 10:25:20 GMT" time="51.451" errors="0">
  <testcase name="login" time="51.451" classname="testcases.TC0042_RTC_EMB_HomePage_ToModify"/>
</testsuite> <!-- testcases.TC0042_RTC_EMB_HomePage_ToModify -->
