<?xml version="1.0" encoding="UTF-8"?>
<!-- Generated by org.testng.reporters.JUnitReportReporter -->
<testsuite hostname="INDH001704" name="testcases.TC0031_RTC_EMB_NonAutoGeneratedpackagevalues" tests="1" failures="0" timestamp="8 Nov 2016 06:36:30 GMT" time="22.267" errors="0">
  <testcase name="login" time="22.267" classname="testcases.TC0031_RTC_EMB_NonAutoGeneratedpackagevalues"/>
</testsuite> <!-- testcases.TC0031_RTC_EMB_NonAutoGeneratedpackagevalues -->
