<?xml version="1.0" encoding="UTF-8"?>
<!-- Generated by org.testng.reporters.JUnitReportReporter -->
<testsuite hostname="INDH001704" name="testcases.TC0010_RTC_EMB_Package_DuplicateOtherPartner" tests="1" failures="0" timestamp="27 Oct 2016 09:52:06 GMT" time="54.116" errors="0">
  <testcase name="login" time="54.116" classname="testcases.TC0010_RTC_EMB_Package_DuplicateOtherPartner"/>
</testsuite> <!-- testcases.TC0010_RTC_EMB_Package_DuplicateOtherPartner -->
