<?xml version="1.0" encoding="UTF-8"?>
<!-- Generated by org.testng.reporters.JUnitReportReporter -->
<testsuite hostname="INDH001704" name="testcases.TC0038_RTC_EMB_DocumentDeletion_DifferentIPN" tests="1" failures="0" timestamp="2 Dec 2016 09:35:26 GMT" time="67.894" errors="0">
  <testcase name="login" time="67.894" classname="testcases.TC0038_RTC_EMB_DocumentDeletion_DifferentIPN"/>
</testsuite> <!-- testcases.TC0038_RTC_EMB_DocumentDeletion_DifferentIPN -->
