<?xml version="1.0" encoding="UTF-8"?>
<!-- Generated by org.testng.reporters.JUnitReportReporter -->
<testsuite hostname="INDH001704" name="testcases.TC0033_RTC_EMB_PackageStatus" tests="1" failures="0" timestamp="8 Nov 2016 12:12:01 GMT" time="26.219" errors="0">
  <testcase name="login" time="26.219" classname="testcases.TC0033_RTC_EMB_PackageStatus"/>
</testsuite> <!-- testcases.TC0033_RTC_EMB_PackageStatus -->
