<?xml version="1.0" encoding="UTF-8"?>
<!-- Generated by org.testng.reporters.JUnitReportReporter -->
<testsuite hostname="INDH001704" name="testcases.TC0014_RTC_EMB_Package_DuplicateOdette" tests="1" failures="0" timestamp="1 Dec 2016 10:25:20 GMT" time="68.850" errors="0">
  <testcase name="login" time="68.850" classname="testcases.TC0014_RTC_EMB_Package_DuplicateOdette"/>
</testsuite> <!-- testcases.TC0014_RTC_EMB_Package_DuplicateOdette -->
