<?xml version="1.0" encoding="UTF-8"?>
<!-- Generated by org.testng.reporters.JUnitReportReporter -->
<testsuite hostname="INDH001704" name="testcases.TC0004_RTC_EMB_Creation_AccessRights_SingleBusinessService_Renault" tests="1" failures="0" timestamp="15 Nov 2016 12:33:35 GMT" time="24.608" errors="0">
  <testcase name="login" time="24.608" classname="testcases.TC0004_RTC_EMB_Creation_AccessRights_SingleBusinessService_Renault"/>
</testsuite> <!-- testcases.TC0004_RTC_EMB_Creation_AccessRights_SingleBusinessService_Renault -->
