<?xml version="1.0" encoding="UTF-8"?>
<!-- Generated by org.testng.reporters.JUnitReportReporter -->
<testsuite hostname="INDH001704" name="testcases.TC0029_RTC_EMB_Validation_NonConfirmity" tests="1" failures="0" timestamp="2 Dec 2016 09:35:26 GMT" time="42.751" errors="0">
  <testcase name="login" time="42.751" classname="testcases.TC0029_RTC_EMB_Validation_NonConfirmity"/>
</testsuite> <!-- testcases.TC0029_RTC_EMB_Validation_NonConfirmity -->
