<?xml version="1.0" encoding="UTF-8"?>
<!-- Generated by org.testng.reporters.JUnitReportReporter -->
<testsuite hostname="INDH001704" name="testcases.TC006_RTC_EMB_Package_DuplicateRenault" tests="1" failures="0" timestamp="27 Oct 2016 09:52:06 GMT" time="48.397" errors="0">
  <testcase name="login" time="48.397" classname="testcases.TC006_RTC_EMB_Package_DuplicateRenault"/>
</testsuite> <!-- testcases.TC006_RTC_EMB_Package_DuplicateRenault -->
