<?xml version="1.0" encoding="UTF-8"?>
<!-- Generated by org.testng.reporters.JUnitReportReporter -->
<testsuite hostname="INDH001704" name="testcases.TC0027_RTC_EMB_Modification_RequestValidation" tests="1" failures="0" timestamp="4 Nov 2016 10:07:29 GMT" time="27.035" errors="0">
  <testcase name="login" time="27.035" classname="testcases.TC0027_RTC_EMB_Modification_RequestValidation"/>
</testsuite> <!-- testcases.TC0027_RTC_EMB_Modification_RequestValidation -->
