<?xml version="1.0" encoding="UTF-8"?>
<!-- Generated by org.testng.reporters.JUnitReportReporter -->
<testsuite hostname="INDH001704" name="testcases.TC0040_RTC_EMB_HomePage_SortedOrder" tests="1" failures="0" timestamp="14 Nov 2016 05:52:35 GMT" time="17.002" errors="0">
  <testcase name="login" time="17.002" classname="testcases.TC0040_RTC_EMB_HomePage_SortedOrder"/>
</testsuite> <!-- testcases.TC0040_RTC_EMB_HomePage_SortedOrder -->
