<?xml version="1.0" encoding="UTF-8"?>
<!-- Generated by org.testng.reporters.JUnitReportReporter -->
<testsuite hostname="INDH001704" name="testcases.TC0034_RTC_EMB_Packagevalidation" tests="1" failures="0" timestamp="2 Dec 2016 09:35:26 GMT" time="146.866" errors="0">
  <testcase name="login" time="146.866" classname="testcases.TC0034_RTC_EMB_Packagevalidation"/>
</testsuite> <!-- testcases.TC0034_RTC_EMB_Packagevalidation -->
