<?xml version="1.0" encoding="UTF-8"?>
<!-- Generated by org.testng.reporters.JUnitReportReporter -->
<testsuite hostname="INDH001704" name="testcases.TC005_RTC_EMB_Package_Other" tests="1" failures="0" timestamp="3 Nov 2016 05:02:37 GMT" time="20.885" errors="0">
  <testcase name="login" time="20.885" classname="testcases.TC005_RTC_EMB_Package_Other"/>
</testsuite> <!-- testcases.TC005_RTC_EMB_Package_Other -->
