<?xml version="1.0" encoding="UTF-8"?>
<!-- Generated by org.testng.reporters.JUnitReportReporter -->
<testsuite hostname="INDH001704" name="testcases.TC0023_RTC_EMB_PriorityStatus" tests="1" failures="0" timestamp="15 Nov 2016 13:14:44 GMT" time="27.878" errors="0">
  <testcase name="login" time="27.878" classname="testcases.TC0023_RTC_EMB_PriorityStatus"/>
</testsuite> <!-- testcases.TC0023_RTC_EMB_PriorityStatus -->
