<?xml version="1.0" encoding="UTF-8"?>
<!-- Generated by org.testng.reporters.JUnitReportReporter -->
<testsuite hostname="INDH001704" name="testcases.TC0032_RTC_EMB_PackageSort" tests="1" failures="0" timestamp="1 Dec 2016 10:25:20 GMT" time="194.126" errors="0">
  <testcase name="login" time="194.126" classname="testcases.TC0032_RTC_EMB_PackageSort"/>
</testsuite> <!-- testcases.TC0032_RTC_EMB_PackageSort -->
