<?xml version="1.0" encoding="UTF-8"?>
<!-- Generated by org.testng.reporters.JUnitReportReporter -->
<testsuite hostname="INDH001704" name="testcases.TC0024_RTC_EMB_Add_AssociatedDocument" tests="1" failures="0" timestamp="2 Dec 2016 09:21:55 GMT" time="76.179" errors="0">
  <testcase name="login" time="76.179" classname="testcases.TC0024_RTC_EMB_Add_AssociatedDocument"/>
</testsuite> <!-- testcases.TC0024_RTC_EMB_Add_AssociatedDocument -->
