<?xml version="1.0" encoding="UTF-8"?>
<!-- Generated by org.testng.reporters.JUnitReportReporter -->
<testsuite hostname="INDH001704" name="testcases.TC0045_RTC_EMB_Homepage_MultipleProject_Plants" tests="1" failures="0" timestamp="29 Nov 2016 11:37:30 GMT" time="22.631" errors="0">
  <testcase name="login" time="22.631" classname="testcases.TC0045_RTC_EMB_Homepage_MultipleProject_Plants"/>
</testsuite> <!-- testcases.TC0045_RTC_EMB_Homepage_MultipleProject_Plants -->
