<?xml version="1.0" encoding="UTF-8"?>
<!-- Generated by org.testng.reporters.JUnitReportReporter -->
<testsuite hostname="INDH001704" name="testcases.TC0013_RTC_EMB_Package_Odette" tests="1" failures="0" timestamp="2 Dec 2016 04:24:25 GMT" time="64.977" errors="0">
  <testcase name="login" time="64.977" classname="testcases.TC0013_RTC_EMB_Package_Odette"/>
</testsuite> <!-- testcases.TC0013_RTC_EMB_Package_Odette -->
