<?xml version="1.0" encoding="UTF-8"?>
<!-- Generated by org.testng.reporters.JUnitReportReporter -->
<testsuite hostname="INDH001704" name="testcases.EMPPackage" tests="1" failures="0" timestamp="25 Oct 2016 10:53:34 GMT" time="24.322" errors="0">
  <testcase name="login" time="24.322" classname="testcases.EMPPackage"/>
</testsuite> <!-- testcases.EMPPackage -->
