<?xml version="1.0" encoding="UTF-8"?>
<!-- Generated by org.testng.reporters.JUnitReportReporter -->
<testsuite hostname="INDH001704" name="testcases.TC007_RTC_EMB_Package_DuplicateSupplier" tests="1" failures="0" timestamp="27 Oct 2016 09:52:06 GMT" time="52.296" errors="0">
  <testcase name="login" time="52.296" classname="testcases.TC007_RTC_EMB_Package_DuplicateSupplier"/>
</testsuite> <!-- testcases.TC007_RTC_EMB_Package_DuplicateSupplier -->
