<?xml version="1.0" encoding="UTF-8"?>
<!-- Generated by org.testng.reporters.JUnitReportReporter -->
<testsuite hostname="INDH001704" name="testcases.TC02_Login" tests="1" failures="0" timestamp="14 Jul 2016 05:03:42 GMT" time="16.613" errors="0">
  <testcase name="login" time="16.613" classname="testcases.TC02_Login"/>
</testsuite> <!-- testcases.TC02_Login -->
