<?xml version="1.0" encoding="UTF-8"?>
<!-- Generated by org.testng.reporters.JUnitReportReporter -->
<testsuite hostname="INDH001704" name="testcases.TC007_RTC_EMB_Package_SupplierRenault" tests="1" failures="0" timestamp="27 Oct 2016 04:41:47 GMT" time="38.373" errors="0">
  <testcase name="login" time="38.373" classname="testcases.TC007_RTC_EMB_Package_SupplierRenault"/>
</testsuite> <!-- testcases.TC007_RTC_EMB_Package_SupplierRenault -->
