<?xml version="1.0" encoding="UTF-8"?>
<!-- Generated by org.testng.reporters.JUnitReportReporter -->
<testsuite hostname="INDH001704" name="testcases.TC009_RTC_EMB_Package_DuplicateGalia" tests="1" failures="0" timestamp="27 Oct 2016 09:52:06 GMT" time="51.443" errors="0">
  <testcase name="login" time="51.443" classname="testcases.TC009_RTC_EMB_Package_DuplicateGalia"/>
</testsuite> <!-- testcases.TC009_RTC_EMB_Package_DuplicateGalia -->
