<?xml version="1.0" encoding="UTF-8"?>
<!-- Generated by org.testng.reporters.JUnitReportReporter -->
<testsuite hostname="INDH001704" name="testcases.TC0002_RTC_EMB_Package_DuplicateRenault" tests="1" failures="0" timestamp="2 Dec 2016 09:35:26 GMT" time="53.191" errors="0">
  <testcase name="login" time="53.191" classname="testcases.TC0002_RTC_EMB_Package_DuplicateRenault"/>
</testsuite> <!-- testcases.TC0002_RTC_EMB_Package_DuplicateRenault -->
