<?xml version="1.0" encoding="UTF-8"?>
<!-- Generated by org.testng.reporters.JUnitReportReporter -->
<testsuite hostname="INDH001704" name="testcases.TC0001_RTC_EMB_Package_Renault" tests="1" failures="0" timestamp="2 Dec 2016 09:35:26 GMT" time="178.289" errors="0">
  <testcase name="login" time="178.289" classname="testcases.TC0001_RTC_EMB_Package_Renault"/>
</testsuite> <!-- testcases.TC0001_RTC_EMB_Package_Renault -->
