<?xml version="1.0" encoding="UTF-8"?>
<!-- Generated by org.testng.reporters.JUnitReportReporter -->
<testsuite hostname="INDH001704" name="testcases.TC0020_RTC_EMB_Associate_PenIcon" tests="1" failures="0" timestamp="2 Nov 2016 07:47:09 GMT" time="17.094" errors="0">
  <testcase name="login" time="17.094" classname="testcases.TC0020_RTC_EMB_Associate_PenIcon"/>
</testsuite> <!-- testcases.TC0020_RTC_EMB_Associate_PenIcon -->
