<?xml version="1.0" encoding="UTF-8"?>
<!-- Generated by org.testng.reporters.JUnitReportReporter -->
<testsuite hostname="INDH001704" name="testcases.TC0020_RTC_EMB_Creation_AccessRights_SingleBusinessService_OtherPartners" tests="1" failures="0" timestamp="15 Nov 2016 13:00:37 GMT" time="18.031" errors="0">
  <testcase name="login" time="18.031" classname="testcases.TC0020_RTC_EMB_Creation_AccessRights_SingleBusinessService_OtherPartners"/>
</testsuite> <!-- testcases.TC0020_RTC_EMB_Creation_AccessRights_SingleBusinessService_OtherPartners -->
