<?xml version="1.0" encoding="UTF-8"?>
<!-- Generated by org.testng.reporters.JUnitReportReporter -->
<testsuite hostname="INDH001704" name="testcases.TC0008_RTC_EMB_Creation_AccessRights_SingleBusinessService_Supplier" tests="1" failures="0" timestamp="15 Nov 2016 12:44:52 GMT" time="17.232" errors="0">
  <testcase name="login" time="17.232" classname="testcases.TC0008_RTC_EMB_Creation_AccessRights_SingleBusinessService_Supplier"/>
</testsuite> <!-- testcases.TC0008_RTC_EMB_Creation_AccessRights_SingleBusinessService_Supplier -->
