<?xml version="1.0" encoding="UTF-8"?>
<!-- Generated by org.testng.reporters.JUnitReportReporter -->
<testsuite hostname="INDH001704" name="testcases.TC008_RTC_EMB_Package_DuplicateOdette" tests="1" failures="0" timestamp="27 Oct 2016 09:52:06 GMT" time="46.878" errors="0">
  <testcase name="login" time="46.878" classname="testcases.TC008_RTC_EMB_Package_DuplicateOdette"/>
</testsuite> <!-- testcases.TC008_RTC_EMB_Package_DuplicateOdette -->
