<?xml version="1.0" encoding="UTF-8"?>
<!-- Generated by org.testng.reporters.JUnitReportReporter -->
<testsuite hostname="INDH001704" name="testcases.TC0030_RTC_EMB_AutoGeneratedpackagevalues" tests="1" failures="0" timestamp="4 Nov 2016 12:40:33 GMT" time="38.861" errors="0">
  <testcase name="login" time="38.861" classname="testcases.TC0030_RTC_EMB_AutoGeneratedpackagevalues"/>
</testsuite> <!-- testcases.TC0030_RTC_EMB_AutoGeneratedpackagevalues -->
