<?xml version="1.0" encoding="UTF-8"?>
<!-- Generated by org.testng.reporters.JUnitReportReporter -->
<testsuite hostname="INDH001704" name="testcases.TC02_Home" tests="1" failures="0" timestamp="10 Aug 2016 09:28:04 GMT" time="15.831" errors="0">
  <testcase name="login" time="15.831" classname="testcases.TC02_Home"/>
</testsuite> <!-- testcases.TC02_Home -->
