<?xml version="1.0" encoding="UTF-8"?>
<!-- Generated by org.testng.reporters.JUnitReportReporter -->
<testsuite hostname="INDH001704" name="testcases.TC0044_RTC_EMB_Homepage_Deletebuttondisplay" tests="1" failures="0" timestamp="16 Nov 2016 13:06:01 GMT" time="19.173" errors="0">
  <testcase name="login" time="19.173" classname="testcases.TC0044_RTC_EMB_Homepage_Deletebuttondisplay"/>
</testsuite> <!-- testcases.TC0044_RTC_EMB_Homepage_Deletebuttondisplay -->
