<?xml version="1.0" encoding="UTF-8"?>
<!-- Generated by org.testng.reporters.JUnitReportReporter -->
<testsuite hostname="INDH001704" name="testcases.TC001_RTC_EMB_Package_Renault" tests="1" failures="0" timestamp="2 Nov 2016 10:54:44 GMT" time="22.641" errors="0">
  <testcase name="login" time="22.641" classname="testcases.TC001_RTC_EMB_Package_Renault"/>
</testsuite> <!-- testcases.TC001_RTC_EMB_Package_Renault -->
